# JRE version: Java(TM) SE Runtime Environment (8.0_101-b13) (build 1.8.0_101-b13)
# Java VM: Java HotSpot(TM) 64-Bit Server VM (25.101-b13 mixed mode windows-amd64 compressed oops)
Heap:
 PSYoungGen      total 38912K, used 31257K [0x00000000eab00000, 0x00000000eee00000, 0x0000000100000000)
  eden space 33280K, 77% used [0x00000000eab00000,0x00000000ec407f40,0x00000000ecb80000)
  from space 5632K, 99% used [0x00000000ecb80000,0x00000000ed0fe6a0,0x00000000ed100000)
  to   space 7680K, 0% used [0x00000000ee680000,0x00000000ee680000,0x00000000eee00000)
 ParOldGen       total 22016K, used 14649K [0x00000000c0000000, 0x00000000c1580000, 0x00000000eab00000)
  object space 22016K, 66% used [0x00000000c0000000,0x00000000c0e4e7a8,0x00000000c1580000)
 Metaspace       used 6367K, capacity 7128K, committed 7424K, reserved 1056768K
  class space    used 622K, capacity 656K, committed 768K, reserved 1048576K
GC Heap History (10 events):
Event: 4.617 GC heap before
{Heap before GC invocations=5 (full 0):
 PSYoungGen      total 9728K, used 9720K [0x00000000eab00000, 0x00000000ebe00000, 0x0000000100000000)
  eden space 8704K, 100% used [0x00000000eab00000,0x00000000eb380000,0x00000000eb380000)
  from space 1024K, 99% used [0x00000000eb480000,0x00000000eb57e348,0x00000000eb580000)
  to   space 1024K, 0% used [0x00000000eb380000,0x00000000eb380000,0x00000000eb480000)
 ParOldGen       total 22016K, used 6203K [0x00000000c0000000, 0x00000000c1580000, 0x00000000eab00000)
  object space 22016K, 28% used [0x00000000c0000000,0x00000000c060efa0,0x00000000c1580000)
 Metaspace       used 6098K, capacity 6960K, committed 7040K, reserved 1056768K
  class space    used 600K, capacity 616K, committed 640K, reserved 1048576K
Event: 4.660 GC heap after
Heap after GC invocations=5 (full 0):
 PSYoungGen      total 9728K, used 1016K [0x00000000eab00000, 0x00000000ec400000, 0x0000000100000000)
  eden space 8704K, 0% used [0x00000000eab00000,0x00000000eab00000,0x00000000eb380000)
  from space 1024K, 99% used [0x00000000eb380000,0x00000000eb47e348,0x00000000eb480000)
  to   space 4096K, 0% used [0x00000000ec000000,0x00000000ec000000,0x00000000ec400000)
 ParOldGen       total 22016K, used 8046K [0x00000000c0000000, 0x00000000c1580000, 0x00000000eab00000)
  object space 22016K, 36% used [0x00000000c0000000,0x00000000c07dbac0,0x00000000c1580000)
 Metaspace       used 6098K, capacity 6960K, committed 7040K, reserved 1056768K
  class space    used 600K, capacity 616K, committed 640K, reserved 1048576K
}
Event: 6.604 GC heap before
{Heap before GC invocations=6 (full 0):
 PSYoungGen      total 9728K, used 9720K [0x00000000eab00000, 0x00000000ec400000, 0x0000000100000000)
  eden space 8704K, 100% used [0x00000000eab00000,0x00000000eb380000,0x00000000eb380000)
  from space 1024K, 99% used [0x00000000eb380000,0x00000000eb47e348,0x00000000eb480000)
  to   space 4096K, 0% used [0x00000000ec000000,0x00000000ec000000,0x00000000ec400000)
 ParOldGen       total 22016K, used 8046K [0x00000000c0000000, 0x00000000c1580000, 0x00000000eab00000)
  object space 22016K, 36% used [0x00000000c0000000,0x00000000c07dbac0,0x00000000c1580000)
 Metaspace       used 6212K, capacity 7064K, committed 7424K, reserved 1056768K
  class space    used 620K, capacity 656K, committed 768K, reserved 1048576K
Event: 6.636 GC heap after
Heap after GC invocations=6 (full 0):
 PSYoungGen      total 21504K, used 2584K [0x00000000eab00000, 0x00000000ec400000, 0x0000000100000000)
  eden space 17408K, 0% used [0x00000000eab00000,0x00000000eab00000,0x00000000ebc00000)
  from space 4096K, 63% used [0x00000000ec000000,0x00000000ec286348,0x00000000ec400000)
  to   space 4096K, 0% used [0x00000000ebc00000,0x00000000ebc00000,0x00000000ec000000)
 ParOldGen       total 22016K, used 8054K [0x00000000c0000000, 0x00000000c1580000, 0x00000000eab00000)
  object space 22016K, 36% used [0x00000000c0000000,0x00000000c07ddac0,0x00000000c1580000)
 Metaspace       used 6212K, capacity 7064K, committed 7424K, reserved 1056768K
  class space    used 620K, capacity 656K, committed 768K, reserved 1048576K
}
Event: 7.424 GC heap before
{Heap before GC invocations=7 (full 0):
 PSYoungGen      total 21504K, used 19992K [0x00000000eab00000, 0x00000000ec400000, 0x0000000100000000)
  eden space 17408K, 100% used [0x00000000eab00000,0x00000000ebc00000,0x00000000ebc00000)
  from space 4096K, 63% used [0x00000000ec000000,0x00000000ec286348,0x00000000ec400000)
  to   space 4096K, 0% used [0x00000000ebc00000,0x00000000ebc00000,0x00000000ec000000)
 ParOldGen       total 22016K, used 8054K [0x00000000c0000000, 0x00000000c1580000, 0x00000000eab00000)
  object space 22016K, 36% used [0x00000000c0000000,0x00000000c07ddac0,0x00000000c1580000)
 Metaspace       used 6273K, capacity 7064K, committed 7424K, reserved 1056768K
  class space    used 621K, capacity 656K, committed 768K, reserved 1048576K
Event: 7.449 GC heap after
Heap after GC invocations=7 (full 0):
 PSYoungGen      total 21504K, used 3808K [0x00000000eab00000, 0x00000000ed500000, 0x0000000100000000)
  eden space 17408K, 0% used [0x00000000eab00000,0x00000000eab00000,0x00000000ebc00000)
  from space 4096K, 92% used [0x00000000ebc00000,0x00000000ebfb8010,0x00000000ec000000)
  to   space 4096K, 0% used [0x00000000ed100000,0x00000000ed100000,0x00000000ed500000)
 ParOldGen       total 22016K, used 8720K [0x00000000c0000000, 0x00000000c1580000, 0x00000000eab00000)
  object space 22016K, 39% used [0x00000000c0000000,0x00000000c0884338,0x00000000c1580000)
 Metaspace       used 6273K, capacity 7064K, committed 7424K, reserved 1056768K
  class space    used 621K, capacity 656K, committed 768K, reserved 1048576K
}
Event: 7.931 GC heap before
{Heap before GC invocations=8 (full 0):
 PSYoungGen      total 21504K, used 21216K [0x00000000eab00000, 0x00000000ed500000, 0x0000000100000000)
  eden space 17408K, 100% used [0x00000000eab00000,0x00000000ebc00000,0x00000000ebc00000)
  from space 4096K, 92% used [0x00000000ebc00000,0x00000000ebfb8010,0x00000000ec000000)
  to   space 4096K, 0% used [0x00000000ed100000,0x00000000ed100000,0x00000000ed500000)
 ParOldGen       total 22016K, used 8720K [0x00000000c0000000, 0x00000000c1580000, 0x00000000eab00000)
  object space 22016K, 39% used [0x00000000c0000000,0x00000000c0884338,0x00000000c1580000)
 Metaspace       used 6313K, capacity 7128K, committed 7424K, reserved 1056768K
  class space    used 621K, capacity 656K, committed 768K, reserved 1048576K
Event: 7.959 GC heap after
Heap after GC invocations=8 (full 0):
 PSYoungGen      total 37376K, used 4064K [0x00000000eab00000, 0x00000000ed800000, 0x0000000100000000)
  eden space 33280K, 0% used [0x00000000eab00000,0x00000000eab00000,0x00000000ecb80000)
  from space 4096K, 99% used [0x00000000ed100000,0x00000000ed4f8010,0x00000000ed500000)
  to   space 5632K, 0% used [0x00000000ecb80000,0x00000000ecb80000,0x00000000ed100000)
 ParOldGen       total 22016K, used 10571K [0x00000000c0000000, 0x00000000c1580000, 0x00000000eab00000)
  object space 22016K, 48% used [0x00000000c0000000,0x00000000c0a52f48,0x00000000c1580000)
 Metaspace       used 6313K, capacity 7128K, committed 7424K, reserved 1056768K
  class space    used 621K, capacity 656K, committed 768K, reserved 1048576K
}
Event: 9.058 GC heap before
{Heap before GC invocations=9 (full 0):
 PSYoungGen      total 37376K, used 37344K [0x00000000eab00000, 0x00000000ed800000, 0x0000000100000000)
  eden space 33280K, 100% used [0x00000000eab00000,0x00000000ecb80000,0x00000000ecb80000)
  from space 4096K, 99% used [0x00000000ed100000,0x00000000ed4f8010,0x00000000ed500000)
  to   space 5632K, 0% used [0x00000000ecb80000,0x00000000ecb80000,0x00000000ed100000)
 ParOldGen       total 22016K, used 10571K [0x00000000c0000000, 0x00000000c1580000, 0x00000000eab00000)
  object space 22016K, 48% used [0x00000000c0000000,0x00000000c0a52f48,0x00000000c1580000)
 Metaspace       used 6357K, capacity 7128K, committed 7424K, reserved 1056768K
  class space    used 622K, capacity 656K, committed 768K, reserved 1048576K
Event: 9.102 GC heap after
Heap after GC invocations=9 (full 0):
 PSYoungGen      total 38912K, used 5625K [0x00000000eab00000, 0x00000000eee00000, 0x0000000100000000)
  eden space 33280K, 0% used [0x00000000eab00000,0x00000000eab00000,0x00000000ecb80000)
  from space 5632K, 99% used [0x00000000ecb80000,0x00000000ed0fe6a0,0x00000000ed100000)
  to   space 7680K, 0% used [0x00000000ee680000,0x00000000ee680000,0x00000000eee00000)
 ParOldGen       total 22016K, used 14649K [0x00000000c0000000, 0x00000000c1580000, 0x00000000eab00000)
  object space 22016K, 66% used [0x00000000c0000000,0x00000000c0e4e7a8,0x00000000c1580000)
 Metaspace       used 6357K, capacity 7128K, committed 7424K, reserved 1056768K
  class space    used 622K, capacity 656K, committed 768K, reserved 1048576K
}

