# JRE version: Java(TM) SE Runtime Environment (8.0_101-b13) (build 1.8.0_101-b13)
# Java VM: Java HotSpot(TM) 64-Bit Server VM (25.101-b13 mixed mode windows-amd64 compressed oops)
Heap:
 PSYoungGen      total 74752K, used 60742K [0x00000000eab00000, 0x00000000f1000000, 0x0000000100000000)
  eden space 66048K, 79% used [0x00000000eab00000,0x00000000ede4de70,0x00000000eeb80000)
  from space 8704K, 94% used [0x00000000f0780000,0x00000000f0f83bb8,0x00000000f1000000)
  to   space 11264K, 0% used [0x00000000efa00000,0x00000000efa00000,0x00000000f0500000)
 ParOldGen       total 44544K, used 28999K [0x00000000c0000000, 0x00000000c2b80000, 0x00000000eab00000)
  object space 44544K, 65% used [0x00000000c0000000,0x00000000c1c51e78,0x00000000c2b80000)
 Metaspace       used 6501K, capacity 7192K, committed 7424K, reserved 1056768K
  class space    used 623K, capacity 656K, committed 768K, reserved 1048576K
GC Heap History (10 events):
Event: 9.094 GC heap after
Heap after GC invocations=8 (full 0):
 PSYoungGen      total 37888K, used 4608K [0x00000000eab00000, 0x00000000ed900000, 0x0000000100000000)
  eden space 33280K, 0% used [0x00000000eab00000,0x00000000eab00000,0x00000000ecb80000)
  from space 4608K, 100% used [0x00000000ed180000,0x00000000ed600000,0x00000000ed600000)
  to   space 6144K, 0% used [0x00000000ecb80000,0x00000000ecb80000,0x00000000ed180000)
 ParOldGen       total 22016K, used 10248K [0x00000000c0000000, 0x00000000c1580000, 0x00000000eab00000)
  object space 22016K, 46% used [0x00000000c0000000,0x00000000c0a02100,0x00000000c1580000)
 Metaspace       used 6316K, capacity 7128K, committed 7424K, reserved 1056768K
  class space    used 623K, capacity 656K, committed 768K, reserved 1048576K
}
Event: 10.131 GC heap before
{Heap before GC invocations=9 (full 0):
 PSYoungGen      total 37888K, used 37888K [0x00000000eab00000, 0x00000000ed900000, 0x0000000100000000)
  eden space 33280K, 100% used [0x00000000eab00000,0x00000000ecb80000,0x00000000ecb80000)
  from space 4608K, 100% used [0x00000000ed180000,0x00000000ed600000,0x00000000ed600000)
  to   space 6144K, 0% used [0x00000000ecb80000,0x00000000ecb80000,0x00000000ed180000)
 ParOldGen       total 22016K, used 10248K [0x00000000c0000000, 0x00000000c1580000, 0x00000000eab00000)
  object space 22016K, 46% used [0x00000000c0000000,0x00000000c0a02100,0x00000000c1580000)
 Metaspace       used 6353K, capacity 7128K, committed 7424K, reserved 1056768K
  class space    used 623K, capacity 656K, committed 768K, reserved 1048576K
Event: 10.198 GC heap after
Heap after GC invocations=9 (full 0):
 PSYoungGen      total 39424K, used 6126K [0x00000000eab00000, 0x00000000ef000000, 0x0000000100000000)
  eden space 33280K, 0% used [0x00000000eab00000,0x00000000eab00000,0x00000000ecb80000)
  from space 6144K, 99% used [0x00000000ecb80000,0x00000000ed17b8a0,0x00000000ed180000)
  to   space 8704K, 0% used [0x00000000ee780000,0x00000000ee780000,0x00000000ef000000)
 ParOldGen       total 22016K, used 14507K [0x00000000c0000000, 0x00000000c1580000, 0x00000000eab00000)
  object space 22016K, 65% used [0x00000000c0000000,0x00000000c0e2ac70,0x00000000c1580000)
 Metaspace       used 6353K, capacity 7128K, committed 7424K, reserved 1056768K
  class space    used 623K, capacity 656K, committed 768K, reserved 1048576K
}
Event: 11.032 GC heap before
{Heap before GC invocations=10 (full 0):
 PSYoungGen      total 39424K, used 39406K [0x00000000eab00000, 0x00000000ef000000, 0x0000000100000000)
  eden space 33280K, 100% used [0x00000000eab00000,0x00000000ecb80000,0x00000000ecb80000)
  from space 6144K, 99% used [0x00000000ecb80000,0x00000000ed17b8a0,0x00000000ed180000)
  to   space 8704K, 0% used [0x00000000ee780000,0x00000000ee780000,0x00000000ef000000)
 ParOldGen       total 22016K, used 14507K [0x00000000c0000000, 0x00000000c1580000, 0x00000000eab00000)
  object space 22016K, 65% used [0x00000000c0000000,0x00000000c0e2ac70,0x00000000c1580000)
 Metaspace       used 6383K, capacity 7128K, committed 7424K, reserved 1056768K
  class space    used 623K, capacity 656K, committed 768K, reserved 1048576K
Event: 11.082 GC heap after
Heap after GC invocations=10 (full 0):
 PSYoungGen      total 61440K, used 7601K [0x00000000eab00000, 0x00000000ef100000, 0x0000000100000000)
  eden space 52736K, 0% used [0x00000000eab00000,0x00000000eab00000,0x00000000ede80000)
  from space 8704K, 87% used [0x00000000ee780000,0x00000000eeeec480,0x00000000ef000000)
  to   space 9216K, 0% used [0x00000000ede80000,0x00000000ede80000,0x00000000ee780000)
 ParOldGen       total 22016K, used 17738K [0x00000000c0000000, 0x00000000c1580000, 0x00000000eab00000)
  object space 22016K, 80% used [0x00000000c0000000,0x00000000c11528e8,0x00000000c1580000)
 Metaspace       used 6383K, capacity 7128K, committed 7424K, reserved 1056768K
  class space    used 623K, capacity 656K, committed 768K, reserved 1048576K
}
Event: 12.452 GC heap before
{Heap before GC invocations=11 (full 0):
 PSYoungGen      total 61440K, used 60337K [0x00000000eab00000, 0x00000000ef100000, 0x0000000100000000)
  eden space 52736K, 100% used [0x00000000eab00000,0x00000000ede80000,0x00000000ede80000)
  from space 8704K, 87% used [0x00000000ee780000,0x00000000eeeec480,0x00000000ef000000)
  to   space 9216K, 0% used [0x00000000ede80000,0x00000000ede80000,0x00000000ee780000)
 ParOldGen       total 22016K, used 17738K [0x00000000c0000000, 0x00000000c1580000, 0x00000000eab00000)
  object space 22016K, 80% used [0x00000000c0000000,0x00000000c11528e8,0x00000000c1580000)
 Metaspace       used 6484K, capacity 7192K, committed 7424K, reserved 1056768K
  class space    used 623K, capacity 656K, committed 768K, reserved 1048576K
Event: 12.520 GC heap after
Heap after GC invocations=11 (full 0):
 PSYoungGen      total 61952K, used 8288K [0x00000000eab00000, 0x00000000f1180000, 0x0000000100000000)
  eden space 52736K, 0% used [0x00000000eab00000,0x00000000eab00000,0x00000000ede80000)
  from space 9216K, 89% used [0x00000000ede80000,0x00000000ee698010,0x00000000ee780000)
  to   space 10240K, 0% used [0x00000000f0780000,0x00000000f0780000,0x00000000f1180000)
 ParOldGen       total 25088K, used 24997K [0x00000000c0000000, 0x00000000c1880000, 0x00000000eab00000)
  object space 25088K, 99% used [0x00000000c0000000,0x00000000c1869520,0x00000000c1880000)
 Metaspace       used 6484K, capacity 7192K, committed 7424K, reserved 1056768K
  class space    used 623K, capacity 656K, committed 768K, reserved 1048576K
}
Event: 12.520 GC heap before
{Heap before GC invocations=12 (full 1):
 PSYoungGen      total 61952K, used 8288K [0x00000000eab00000, 0x00000000f1180000, 0x0000000100000000)
  eden space 52736K, 0% used [0x00000000eab00000,0x00000000eab00000,0x00000000ede80000)
  from space 9216K, 89% used [0x00000000ede80000,0x00000000ee698010,0x00000000ee780000)
  to   space 10240K, 0% used [0x00000000f0780000,0x00000000f0780000,0x00000000f1180000)
 ParOldGen       total 25088K, used 24997K [0x00000000c0000000, 0x00000000c1880000, 0x00000000eab00000)
  object space 25088K, 99% used [0x00000000c0000000,0x00000000c1869520,0x00000000c1880000)
 Metaspace       used 6484K, capacity 7192K, committed 7424K, reserved 1056768K
  class space    used 623K, capacity 656K, committed 768K, reserved 1048576K
Event: 13.413 GC heap after
Heap after GC invocations=12 (full 1):
 PSYoungGen      total 61952K, used 4602K [0x00000000eab00000, 0x00000000f1180000, 0x0000000100000000)
  eden space 52736K, 0% used [0x00000000eab00000,0x00000000eab00000,0x00000000ede80000)
  from space 9216K, 49% used [0x00000000ede80000,0x00000000ee2feb98,0x00000000ee780000)
  to   space 10240K, 0% used [0x00000000f0780000,0x00000000f0780000,0x00000000f1180000)
 ParOldGen       total 44544K, used 24780K [0x00000000c0000000, 0x00000000c2b80000, 0x00000000eab00000)
  object space 44544K, 55% used [0x00000000c0000000,0x00000000c1833338,0x00000000c2b80000)
 Metaspace       used 6484K, capacity 7192K, committed 7424K, reserved 1056768K
  class space    used 623K, capacity 656K, committed 768K, reserved 1048576K
}
Event: 14.089 GC heap before
{Heap before GC invocations=13 (full 1):
 PSYoungGen      total 61952K, used 57338K [0x00000000eab00000, 0x00000000f1180000, 0x0000000100000000)
  eden space 52736K, 100% used [0x00000000eab00000,0x00000000ede80000,0x00000000ede80000)
  from space 9216K, 49% used [0x00000000ede80000,0x00000000ee2feb98,0x00000000ee780000)
  to   space 10240K, 0% used [0x00000000f0780000,0x00000000f0780000,0x00000000f1180000)
 ParOldGen       total 44544K, used 24780K [0x00000000c0000000, 0x00000000c2b80000, 0x00000000eab00000)
  object space 44544K, 55% used [0x00000000c0000000,0x00000000c1833338,0x00000000c2b80000)
 Metaspace       used 6501K, capacity 7192K, committed 7424K, reserved 1056768K
  class space    used 623K, capacity 656K, committed 768K, reserved 1048576K

